<?xml version="1.0" encoding="UTF-8"?>
<testng-results skipped="0" failed="0" total="1" passed="1">
  <reporter-output>
  </reporter-output>
  <suite name="Default suite" duration-ms="56729" started-at="2017-06-03T15:18:52Z" finished-at="2017-06-03T15:19:49Z">
    <groups>
    </groups>
    <test name="Default test" duration-ms="56729" started-at="2017-06-03T15:18:52Z" finished-at="2017-06-03T15:19:49Z">
      <class name="com.application.scripts.TC02">
        <test-method status="PASS" signature="suiteFirst(org.testng.ITestContext)[pri:0, instance:com.application.scripts.TC02@28f3b248]" name="suiteFirst" is-config="true" duration-ms="162" started-at="2017-06-03T11:18:52Z" finished-at="2017-06-03T11:18:52Z">
          <params>
            <param index="0">
              <value>
                <![CDATA[org.testng.TestRunner@523424b5]]>
              </value>
            </param>
          </params>
          <reporter-output>
          </reporter-output>
        </test-method> <!-- suiteFirst -->
        <test-method status="PASS" signature="first(org.testng.ITestContext)[pri:0, instance:com.application.scripts.TC02@28f3b248]" name="first" is-config="true" duration-ms="1" started-at="2017-06-03T11:18:52Z" finished-at="2017-06-03T11:18:52Z">
          <params>
            <param index="0">
              <value>
                <![CDATA[org.testng.TestRunner@523424b5]]>
              </value>
            </param>
          </params>
          <reporter-output>
          </reporter-output>
        </test-method> <!-- first -->
        <test-method status="PASS" signature="firstBeforeClass(org.testng.ITestContext)[pri:0, instance:com.application.scripts.TC02@28f3b248]" name="firstBeforeClass" is-config="true" duration-ms="0" started-at="2017-06-03T11:18:52Z" finished-at="2017-06-03T11:18:52Z">
          <params>
            <param index="0">
              <value>
                <![CDATA[org.testng.TestRunner@523424b5]]>
              </value>
            </param>
          </params>
          <reporter-output>
          </reporter-output>
        </test-method> <!-- firstBeforeClass -->
        <test-method status="PASS" signature="reportHeader(java.lang.reflect.Method, org.testng.ITestContext)[pri:0, instance:com.application.scripts.TC02@28f3b248]" name="reportHeader" is-config="true" duration-ms="52016" started-at="2017-06-03T11:18:52Z" finished-at="2017-06-03T11:19:44Z">
          <params>
            <param index="0">
              <value>
                <![CDATA[public void com.application.scripts.TC02.testTC02() throws java.lang.Throwable]]>
              </value>
            </param>
            <param index="1">
              <value>
                <![CDATA[org.testng.TestRunner@523424b5]]>
              </value>
            </param>
          </params>
          <reporter-output>
          </reporter-output>
        </test-method> <!-- reportHeader -->
        <test-method status="PASS" signature="testTC02()[pri:0, instance:com.application.scripts.TC02@28f3b248]" name="testTC02" duration-ms="1794" started-at="2017-06-03T11:19:44Z" finished-at="2017-06-03T11:19:46Z">
          <reporter-output>
          </reporter-output>
        </test-method> <!-- testTC02 -->
        <test-method status="PASS" signature="tearDown()[pri:0, instance:com.application.scripts.TC02@28f3b248]" name="tearDown" is-config="true" duration-ms="2865" started-at="2017-06-03T11:19:46Z" finished-at="2017-06-03T11:19:49Z">
          <reporter-output>
          </reporter-output>
        </test-method> <!-- tearDown -->
        <test-method status="PASS" signature="close()[pri:0, instance:com.application.scripts.TC02@28f3b248]" name="close" is-config="true" duration-ms="1" started-at="2017-06-03T11:19:49Z" finished-at="2017-06-03T11:19:49Z">
          <reporter-output>
          </reporter-output>
        </test-method> <!-- close -->
        <test-method status="PASS" signature="first1(org.testng.ITestContext)[pri:0, instance:com.application.scripts.TC02@28f3b248]" name="first1" is-config="true" duration-ms="23" started-at="2017-06-03T11:19:49Z" finished-at="2017-06-03T11:19:49Z">
          <params>
            <param index="0">
              <value>
                <![CDATA[org.testng.TestRunner@523424b5]]>
              </value>
            </param>
          </params>
          <reporter-output>
          </reporter-output>
        </test-method> <!-- first1 -->
        <test-method status="PASS" signature="tearDownFirefox(org.testng.ITestContext)[pri:0, instance:com.application.scripts.TC02@28f3b248]" name="tearDownFirefox" is-config="true" duration-ms="1672" started-at="2017-06-03T11:19:49Z" finished-at="2017-06-03T11:19:51Z">
          <params>
            <param index="0">
              <value>
                <![CDATA[org.testng.TestRunner@523424b5]]>
              </value>
            </param>
          </params>
          <reporter-output>
          </reporter-output>
        </test-method> <!-- tearDownFirefox -->
      </class> <!-- com.application.scripts.TC02 -->
    </test> <!-- Default test -->
  </suite> <!-- Default suite -->
</testng-results>
